{"/Users/Famille/Desktop/Formation OC/P9_weiland_david/DavidWeiland_9_23072021/src/constants/routes.js": {"path":"/Users/Famille/Desktop/Formation OC/P9_weiland_david/DavidWeiland_9_23072021/src/constants/routes.js","statementMap":{"0":{"start":{"line":6,"column":27},"end":{"line":11,"column":1}},"1":{"start":{"line":13,"column":22},"end":{"line":26,"column":1}},"2":{"start":{"line":14,"column":2},"end":{"line":25,"column":3}},"3":{"start":{"line":16,"column":6},"end":{"line":16,"column":46}},"4":{"start":{"line":18,"column":6},"end":{"line":18,"column":46}},"5":{"start":{"line":20,"column":6},"end":{"line":20,"column":24}},"6":{"start":{"line":22,"column":6},"end":{"line":22,"column":50}},"7":{"start":{"line":24,"column":6},"end":{"line":24,"column":46}}},"fnMap":{"0":{"name":"(anonymous_0)","decl":{"start":{"line":13,"column":22},"end":{"line":13,"column":23}},"loc":{"start":{"line":13,"column":62},"end":{"line":26,"column":1}},"line":13}},"branchMap":{"0":{"loc":{"start":{"line":14,"column":2},"end":{"line":25,"column":3}},"type":"switch","locations":[{"start":{"line":15,"column":4},"end":{"line":16,"column":46}},{"start":{"line":17,"column":4},"end":{"line":18,"column":46}},{"start":{"line":19,"column":4},"end":{"line":20,"column":24}},{"start":{"line":21,"column":4},"end":{"line":22,"column":50}},{"start":{"line":23,"column":4},"end":{"line":24,"column":46}}],"line":14}},"s":{"0":5,"1":5,"2":13,"3":3,"4":3,"5":1,"6":5,"7":1},"f":{"0":13},"b":{"0":[3,3,1,5,1]},"_coverageSchema":"1a1c01bbd47fc00a2c39e90264f33305004495a9","hash":"88738560935be54afa4d2e80af8dbbba3b5d2526"}
,"/Users/Famille/Desktop/Formation OC/P9_weiland_david/DavidWeiland_9_23072021/src/constants/usersTest.js": {"path":"/Users/Famille/Desktop/Formation OC/P9_weiland_david/DavidWeiland_9_23072021/src/constants/usersTest.js","statementMap":{},"fnMap":{},"branchMap":{},"s":{},"f":{},"b":{},"_coverageSchema":"1a1c01bbd47fc00a2c39e90264f33305004495a9","hash":"e91d1ecd88bb35aca4d611160b1329425811bcf8"}
,"/Users/Famille/Desktop/Formation OC/P9_weiland_david/DavidWeiland_9_23072021/src/containers/Bills.js": {"path":"/Users/Famille/Desktop/Formation OC/P9_weiland_david/DavidWeiland_9_23072021/src/containers/Bills.js","statementMap":{"0":{"start":{"line":7,"column":4},"end":{"line":7,"column":28}},"1":{"start":{"line":8,"column":4},"end":{"line":8,"column":32}},"2":{"start":{"line":9,"column":4},"end":{"line":9,"column":30}},"3":{"start":{"line":10,"column":26},"end":{"line":10,"column":86}},"4":{"start":{"line":11,"column":4},"end":{"line":11,"column":87}},"5":{"start":{"line":11,"column":23},"end":{"line":11,"column":87}},"6":{"start":{"line":12,"column":20},"end":{"line":12,"column":76}},"7":{"start":{"line":13,"column":4},"end":{"line":15,"column":6}},"8":{"start":{"line":13,"column":17},"end":{"line":15,"column":6}},"9":{"start":{"line":14,"column":6},"end":{"line":14,"column":74}},"10":{"start":{"line":14,"column":44},"end":{"line":14,"column":73}},"11":{"start":{"line":16,"column":4},"end":{"line":16,"column":54}},"12":{"start":{"line":19,"column":23},"end":{"line":21,"column":3}},"13":{"start":{"line":20,"column":4},"end":{"line":20,"column":43}},"14":{"start":{"line":23,"column":23},"end":{"line":28,"column":3}},"15":{"start":{"line":24,"column":20},"end":{"line":24,"column":54}},"16":{"start":{"line":25,"column":21},"end":{"line":25,"column":63}},"17":{"start":{"line":26,"column":4},"end":{"line":26,"column":128}},"18":{"start":{"line":27,"column":4},"end":{"line":27,"column":34}},"19":{"start":{"line":31,"column":13},"end":{"line":65,"column":3}},"20":{"start":{"line":32,"column":22},"end":{"line":33,"column":57}},"21":{"start":{"line":34,"column":4},"end":{"line":64,"column":5}},"22":{"start":{"line":35,"column":6},"end":{"line":63,"column":28}},"23":{"start":{"line":39,"column":22},"end":{"line":59,"column":51}},"24":{"start":{"line":41,"column":12},"end":{"line":57,"column":13}},"25":{"start":{"line":42,"column":14},"end":{"line":47,"column":15}},"26":{"start":{"line":51,"column":14},"end":{"line":51,"column":45}},"27":{"start":{"line":52,"column":14},"end":{"line":56,"column":15}},"28":{"start":{"line":59,"column":26},"end":{"line":59,"column":50}},"29":{"start":{"line":60,"column":10},"end":{"line":60,"column":45}},"30":{"start":{"line":61,"column":8},"end":{"line":61,"column":20}},"31":{"start":{"line":63,"column":22},"end":{"line":63,"column":27}}},"fnMap":{"0":{"name":"(anonymous_0)","decl":{"start":{"line":6,"column":2},"end":{"line":6,"column":3}},"loc":{"start":{"line":6,"column":65},"end":{"line":17,"column":3}},"line":6},"1":{"name":"(anonymous_1)","decl":{"start":{"line":13,"column":33},"end":{"line":13,"column":34}},"loc":{"start":{"line":13,"column":41},"end":{"line":15,"column":5}},"line":13},"2":{"name":"(anonymous_2)","decl":{"start":{"line":14,"column":37},"end":{"line":14,"column":38}},"loc":{"start":{"line":14,"column":44},"end":{"line":14,"column":73}},"line":14},"3":{"name":"(anonymous_3)","decl":{"start":{"line":19,"column":23},"end":{"line":19,"column":24}},"loc":{"start":{"line":19,"column":28},"end":{"line":21,"column":3}},"line":19},"4":{"name":"(anonymous_4)","decl":{"start":{"line":23,"column":23},"end":{"line":23,"column":24}},"loc":{"start":{"line":23,"column":33},"end":{"line":28,"column":3}},"line":23},"5":{"name":"(anonymous_5)","decl":{"start":{"line":31,"column":13},"end":{"line":31,"column":14}},"loc":{"start":{"line":31,"column":19},"end":{"line":65,"column":3}},"line":31},"6":{"name":"(anonymous_6)","decl":{"start":{"line":38,"column":12},"end":{"line":38,"column":13}},"loc":{"start":{"line":38,"column":24},"end":{"line":62,"column":7}},"line":38},"7":{"name":"(anonymous_7)","decl":{"start":{"line":40,"column":15},"end":{"line":40,"column":16}},"loc":{"start":{"line":40,"column":22},"end":{"line":58,"column":11}},"line":40},"8":{"name":"(anonymous_8)","decl":{"start":{"line":59,"column":18},"end":{"line":59,"column":19}},"loc":{"start":{"line":59,"column":26},"end":{"line":59,"column":50}},"line":59},"9":{"name":"(anonymous_9)","decl":{"start":{"line":63,"column":13},"end":{"line":63,"column":14}},"loc":{"start":{"line":63,"column":22},"end":{"line":63,"column":27}},"line":63}},"branchMap":{"0":{"loc":{"start":{"line":11,"column":4},"end":{"line":11,"column":87}},"type":"if","locations":[{"start":{"line":11,"column":4},"end":{"line":11,"column":87}},{"start":{"line":11,"column":4},"end":{"line":11,"column":87}}],"line":11},"1":{"loc":{"start":{"line":13,"column":4},"end":{"line":15,"column":6}},"type":"if","locations":[{"start":{"line":13,"column":4},"end":{"line":15,"column":6}},{"start":{"line":13,"column":4},"end":{"line":15,"column":6}}],"line":13},"2":{"loc":{"start":{"line":32,"column":22},"end":{"line":33,"column":57}},"type":"cond-expr","locations":[{"start":{"line":33,"column":6},"end":{"line":33,"column":52}},{"start":{"line":33,"column":55},"end":{"line":33,"column":57}}],"line":32},"3":{"loc":{"start":{"line":34,"column":4},"end":{"line":64,"column":5}},"type":"if","locations":[{"start":{"line":34,"column":4},"end":{"line":64,"column":5}},{"start":{"line":34,"column":4},"end":{"line":64,"column":5}}],"line":34}},"s":{"0":0,"1":0,"2":0,"3":0,"4":0,"5":0,"6":0,"7":0,"8":0,"9":0,"10":0,"11":0,"12":0,"13":0,"14":0,"15":0,"16":0,"17":0,"18":0,"19":0,"20":0,"21":0,"22":0,"23":0,"24":0,"25":0,"26":0,"27":0,"28":0,"29":0,"30":0,"31":0},"f":{"0":0,"1":0,"2":0,"3":0,"4":0,"5":0,"6":0,"7":0,"8":0,"9":0},"b":{"0":[0,0],"1":[0,0],"2":[0,0],"3":[0,0]}}
,"/Users/Famille/Desktop/Formation OC/P9_weiland_david/DavidWeiland_9_23072021/src/containers/Dashboard.js": {"path":"/Users/Famille/Desktop/Formation OC/P9_weiland_david/DavidWeiland_9_23072021/src/containers/Dashboard.js","statementMap":{"0":{"start":{"line":8,"column":29},"end":{"line":27,"column":1}},"1":{"start":{"line":9,"column":2},"end":{"line":26,"column":11}},"2":{"start":{"line":15,"column":6},"end":{"line":23,"column":7}},"3":{"start":{"line":16,"column":8},"end":{"line":16,"column":50}},"4":{"start":{"line":19,"column":26},"end":{"line":19,"column":72}},"5":{"start":{"line":20,"column":8},"end":{"line":22,"column":57}},"6":{"start":{"line":25,"column":6},"end":{"line":25,"column":28}},"7":{"start":{"line":29,"column":20},"end":{"line":53,"column":1}},"8":{"start":{"line":30,"column":28},"end":{"line":30,"column":52}},"9":{"start":{"line":31,"column":20},"end":{"line":32,"column":40}},"10":{"start":{"line":33,"column":19},"end":{"line":34,"column":55}},"11":{"start":{"line":37,"column":2},"end":{"line":52,"column":4}},"12":{"start":{"line":55,"column":21},"end":{"line":57,"column":1}},"13":{"start":{"line":56,"column":2},"end":{"line":56,"column":76}},"14":{"start":{"line":56,"column":51},"end":{"line":56,"column":61}},"15":{"start":{"line":59,"column":25},"end":{"line":68,"column":1}},"16":{"start":{"line":60,"column":2},"end":{"line":67,"column":3}},"17":{"start":{"line":62,"column":6},"end":{"line":62,"column":22}},"18":{"start":{"line":64,"column":6},"end":{"line":64,"column":23}},"19":{"start":{"line":66,"column":6},"end":{"line":66,"column":22}},"20":{"start":{"line":70,"column":23},"end":{"line":70,"column":32}},"21":{"start":{"line":74,"column":4},"end":{"line":74,"column":28}},"22":{"start":{"line":75,"column":4},"end":{"line":75,"column":32}},"23":{"start":{"line":76,"column":4},"end":{"line":76,"column":30}},"24":{"start":{"line":77,"column":4},"end":{"line":77,"column":76}},"25":{"start":{"line":77,"column":40},"end":{"line":77,"column":75}},"26":{"start":{"line":78,"column":4},"end":{"line":78,"column":76}},"27":{"start":{"line":78,"column":40},"end":{"line":78,"column":75}},"28":{"start":{"line":79,"column":4},"end":{"line":79,"column":76}},"29":{"start":{"line":79,"column":40},"end":{"line":79,"column":75}},"30":{"start":{"line":80,"column":4},"end":{"line":80,"column":27}},"31":{"start":{"line":81,"column":4},"end":{"line":81,"column":44}},"32":{"start":{"line":84,"column":23},"end":{"line":89,"column":3}},"33":{"start":{"line":85,"column":20},"end":{"line":85,"column":58}},"34":{"start":{"line":86,"column":21},"end":{"line":86,"column":69}},"35":{"start":{"line":87,"column":4},"end":{"line":87,"column":134}},"36":{"start":{"line":88,"column":4},"end":{"line":88,"column":96}},"37":{"start":{"line":88,"column":60},"end":{"line":88,"column":96}},"38":{"start":{"line":92,"column":4},"end":{"line":92,"column":75}},"39":{"start":{"line":92,"column":59},"end":{"line":92,"column":75}},"40":{"start":{"line":93,"column":4},"end":{"line":93,"column":71}},"41":{"start":{"line":93,"column":54},"end":{"line":93,"column":71}},"42":{"start":{"line":101,"column":6},"end":{"line":103,"column":8}},"43":{"start":{"line":102,"column":8},"end":{"line":102,"column":61}},"44":{"start":{"line":104,"column":6},"end":{"line":104,"column":62}},"45":{"start":{"line":105,"column":6},"end":{"line":105,"column":69}},"46":{"start":{"line":106,"column":6},"end":{"line":106,"column":52}},"47":{"start":{"line":109,"column":4},"end":{"line":109,"column":56}},"48":{"start":{"line":110,"column":4},"end":{"line":110,"column":77}},"49":{"start":{"line":110,"column":44},"end":{"line":110,"column":76}},"50":{"start":{"line":111,"column":4},"end":{"line":111,"column":77}},"51":{"start":{"line":111,"column":44},"end":{"line":111,"column":76}},"52":{"start":{"line":114,"column":23},"end":{"line":122,"column":3}},"53":{"start":{"line":115,"column":20},"end":{"line":119,"column":5}},"54":{"start":{"line":120,"column":4},"end":{"line":120,"column":28}},"55":{"start":{"line":121,"column":4},"end":{"line":121,"column":45}},"56":{"start":{"line":124,"column":23},"end":{"line":132,"column":3}},"57":{"start":{"line":125,"column":20},"end":{"line":129,"column":5}},"58":{"start":{"line":130,"column":4},"end":{"line":130,"column":28}},"59":{"start":{"line":131,"column":4},"end":{"line":131,"column":45}},"60":{"start":{"line":135,"column":4},"end":{"line":135,"column":76}},"61":{"start":{"line":135,"column":60},"end":{"line":135,"column":76}},"62":{"start":{"line":136,"column":4},"end":{"line":136,"column":76}},"63":{"start":{"line":136,"column":58},"end":{"line":136,"column":76}},"64":{"start":{"line":137,"column":4},"end":{"line":147,"column":5}},"65":{"start":{"line":138,"column":6},"end":{"line":138,"column":69}},"66":{"start":{"line":139,"column":6},"end":{"line":140,"column":65}},"67":{"start":{"line":141,"column":8},"end":{"line":141,"column":40}},"68":{"start":{"line":143,"column":6},"end":{"line":143,"column":70}},"69":{"start":{"line":144,"column":6},"end":{"line":145,"column":17}},"70":{"start":{"line":146,"column":6},"end":{"line":146,"column":42}},"71":{"start":{"line":149,"column":4},"end":{"line":151,"column":6}},"72":{"start":{"line":150,"column":6},"end":{"line":150,"column":88}},"73":{"start":{"line":150,"column":50},"end":{"line":150,"column":87}},"74":{"start":{"line":153,"column":4},"end":{"line":153,"column":16}},"75":{"start":{"line":158,"column":21},"end":{"line":176,"column":3}},"76":{"start":{"line":159,"column":4},"end":{"line":175,"column":5}},"77":{"start":{"line":160,"column":6},"end":{"line":174,"column":25}},"78":{"start":{"line":164,"column":22},"end":{"line":170,"column":11}},"79":{"start":{"line":165,"column":21},"end":{"line":170,"column":9}},"80":{"start":{"line":172,"column":8},"end":{"line":172,"column":20}},"81":{"start":{"line":179,"column":15},"end":{"line":187,"column":3}},"82":{"start":{"line":180,"column":4},"end":{"line":186,"column":5}},"83":{"start":{"line":181,"column":4},"end":{"line":185,"column":25}},"84":{"start":{"line":184,"column":20},"end":{"line":184,"column":24}}},"fnMap":{"0":{"name":"(anonymous_0)","decl":{"start":{"line":8,"column":29},"end":{"line":8,"column":30}},"loc":{"start":{"line":8,"column":47},"end":{"line":27,"column":1}},"line":8},"1":{"name":"(anonymous_1)","decl":{"start":{"line":10,"column":16},"end":{"line":10,"column":17}},"loc":{"start":{"line":10,"column":24},"end":{"line":26,"column":5}},"line":10},"2":{"name":"(anonymous_2)","decl":{"start":{"line":29,"column":20},"end":{"line":29,"column":21}},"loc":{"start":{"line":29,"column":30},"end":{"line":53,"column":1}},"line":29},"3":{"name":"(anonymous_3)","decl":{"start":{"line":55,"column":21},"end":{"line":55,"column":22}},"loc":{"start":{"line":55,"column":32},"end":{"line":57,"column":1}},"line":55},"4":{"name":"(anonymous_4)","decl":{"start":{"line":56,"column":43},"end":{"line":56,"column":44}},"loc":{"start":{"line":56,"column":51},"end":{"line":56,"column":61}},"line":56},"5":{"name":"(anonymous_5)","decl":{"start":{"line":59,"column":25},"end":{"line":59,"column":26}},"loc":{"start":{"line":59,"column":36},"end":{"line":68,"column":1}},"line":59},"6":{"name":"(anonymous_6)","decl":{"start":{"line":73,"column":2},"end":{"line":73,"column":3}},"loc":{"start":{"line":73,"column":72},"end":{"line":82,"column":3}},"line":73},"7":{"name":"(anonymous_7)","decl":{"start":{"line":77,"column":33},"end":{"line":77,"column":34}},"loc":{"start":{"line":77,"column":40},"end":{"line":77,"column":75}},"line":77},"8":{"name":"(anonymous_8)","decl":{"start":{"line":78,"column":33},"end":{"line":78,"column":34}},"loc":{"start":{"line":78,"column":40},"end":{"line":78,"column":75}},"line":78},"9":{"name":"(anonymous_9)","decl":{"start":{"line":79,"column":33},"end":{"line":79,"column":34}},"loc":{"start":{"line":79,"column":40},"end":{"line":79,"column":75}},"line":79},"10":{"name":"(anonymous_10)","decl":{"start":{"line":84,"column":23},"end":{"line":84,"column":24}},"loc":{"start":{"line":84,"column":29},"end":{"line":89,"column":3}},"line":84},"11":{"name":"(anonymous_11)","decl":{"start":{"line":91,"column":2},"end":{"line":91,"column":3}},"loc":{"start":{"line":91,"column":35},"end":{"line":112,"column":3}},"line":91},"12":{"name":"(anonymous_12)","decl":{"start":{"line":101,"column":20},"end":{"line":101,"column":21}},"loc":{"start":{"line":101,"column":25},"end":{"line":103,"column":7}},"line":101},"13":{"name":"(anonymous_13)","decl":{"start":{"line":110,"column":37},"end":{"line":110,"column":38}},"loc":{"start":{"line":110,"column":44},"end":{"line":110,"column":76}},"line":110},"14":{"name":"(anonymous_14)","decl":{"start":{"line":111,"column":37},"end":{"line":111,"column":38}},"loc":{"start":{"line":111,"column":44},"end":{"line":111,"column":76}},"line":111},"15":{"name":"(anonymous_15)","decl":{"start":{"line":114,"column":23},"end":{"line":114,"column":24}},"loc":{"start":{"line":114,"column":36},"end":{"line":122,"column":3}},"line":114},"16":{"name":"(anonymous_16)","decl":{"start":{"line":124,"column":23},"end":{"line":124,"column":24}},"loc":{"start":{"line":124,"column":36},"end":{"line":132,"column":3}},"line":124},"17":{"name":"(anonymous_17)","decl":{"start":{"line":134,"column":2},"end":{"line":134,"column":3}},"loc":{"start":{"line":134,"column":37},"end":{"line":155,"column":3}},"line":134},"18":{"name":"(anonymous_18)","decl":{"start":{"line":149,"column":18},"end":{"line":149,"column":19}},"loc":{"start":{"line":149,"column":26},"end":{"line":151,"column":5}},"line":149},"19":{"name":"(anonymous_19)","decl":{"start":{"line":150,"column":43},"end":{"line":150,"column":44}},"loc":{"start":{"line":150,"column":50},"end":{"line":150,"column":87}},"line":150},"20":{"name":"(anonymous_20)","decl":{"start":{"line":158,"column":21},"end":{"line":158,"column":22}},"loc":{"start":{"line":158,"column":27},"end":{"line":176,"column":3}},"line":158},"21":{"name":"(anonymous_21)","decl":{"start":{"line":163,"column":12},"end":{"line":163,"column":13}},"loc":{"start":{"line":163,"column":24},"end":{"line":173,"column":7}},"line":163},"22":{"name":"(anonymous_22)","decl":{"start":{"line":165,"column":13},"end":{"line":165,"column":14}},"loc":{"start":{"line":165,"column":21},"end":{"line":170,"column":9}},"line":165},"23":{"name":"(anonymous_23)","decl":{"start":{"line":179,"column":15},"end":{"line":179,"column":16}},"loc":{"start":{"line":179,"column":25},"end":{"line":187,"column":3}},"line":179},"24":{"name":"(anonymous_24)","decl":{"start":{"line":184,"column":12},"end":{"line":184,"column":13}},"loc":{"start":{"line":184,"column":20},"end":{"line":184,"column":24}},"line":184}},"branchMap":{"0":{"loc":{"start":{"line":9,"column":9},"end":{"line":26,"column":11}},"type":"cond-expr","locations":[{"start":{"line":10,"column":4},"end":{"line":26,"column":6}},{"start":{"line":26,"column":9},"end":{"line":26,"column":11}}],"line":9},"1":{"loc":{"start":{"line":9,"column":10},"end":{"line":9,"column":29}},"type":"binary-expr","locations":[{"start":{"line":9,"column":10},"end":{"line":9,"column":14}},{"start":{"line":9,"column":18},"end":{"line":9,"column":29}}],"line":9},"2":{"loc":{"start":{"line":15,"column":6},"end":{"line":23,"column":7}},"type":"if","locations":[{"start":{"line":15,"column":6},"end":{"line":23,"column":7}},{"start":{"line":15,"column":6},"end":{"line":23,"column":7}}],"line":15},"3":{"loc":{"start":{"line":21,"column":10},"end":{"line":22,"column":57}},"type":"binary-expr","locations":[{"start":{"line":21,"column":11},"end":{"line":21,"column":33}},{"start":{"line":22,"column":10},"end":{"line":22,"column":57}}],"line":21},"4":{"loc":{"start":{"line":31,"column":20},"end":{"line":32,"column":40}},"type":"cond-expr","locations":[{"start":{"line":32,"column":4},"end":{"line":32,"column":35}},{"start":{"line":32,"column":38},"end":{"line":32,"column":40}}],"line":31},"5":{"loc":{"start":{"line":33,"column":19},"end":{"line":34,"column":55}},"type":"cond-expr","locations":[{"start":{"line":34,"column":4},"end":{"line":34,"column":35}},{"start":{"line":34,"column":38},"end":{"line":34,"column":55}}],"line":33},"6":{"loc":{"start":{"line":56,"column":9},"end":{"line":56,"column":76}},"type":"cond-expr","locations":[{"start":{"line":56,"column":33},"end":{"line":56,"column":71}},{"start":{"line":56,"column":74},"end":{"line":56,"column":76}}],"line":56},"7":{"loc":{"start":{"line":56,"column":9},"end":{"line":56,"column":30}},"type":"binary-expr","locations":[{"start":{"line":56,"column":9},"end":{"line":56,"column":14}},{"start":{"line":56,"column":18},"end":{"line":56,"column":30}}],"line":56},"8":{"loc":{"start":{"line":60,"column":2},"end":{"line":67,"column":3}},"type":"switch","locations":[{"start":{"line":61,"column":4},"end":{"line":62,"column":22}},{"start":{"line":63,"column":4},"end":{"line":64,"column":23}},{"start":{"line":65,"column":4},"end":{"line":66,"column":22}}],"line":60},"9":{"loc":{"start":{"line":88,"column":4},"end":{"line":88,"column":96}},"type":"if","locations":[{"start":{"line":88,"column":4},"end":{"line":88,"column":96}},{"start":{"line":88,"column":4},"end":{"line":88,"column":96}}],"line":88},"10":{"loc":{"start":{"line":92,"column":4},"end":{"line":92,"column":75}},"type":"if","locations":[{"start":{"line":92,"column":4},"end":{"line":92,"column":75}},{"start":{"line":92,"column":4},"end":{"line":92,"column":75}}],"line":92},"11":{"loc":{"start":{"line":92,"column":8},"end":{"line":92,"column":57}},"type":"binary-expr","locations":[{"start":{"line":92,"column":8},"end":{"line":92,"column":34}},{"start":{"line":92,"column":38},"end":{"line":92,"column":57}}],"line":92},"12":{"loc":{"start":{"line":93,"column":4},"end":{"line":93,"column":71}},"type":"if","locations":[{"start":{"line":93,"column":4},"end":{"line":93,"column":71}},{"start":{"line":93,"column":4},"end":{"line":93,"column":71}}],"line":93},"13":{"loc":{"start":{"line":93,"column":8},"end":{"line":93,"column":52}},"type":"binary-expr","locations":[{"start":{"line":93,"column":8},"end":{"line":93,"column":29}},{"start":{"line":93,"column":33},"end":{"line":93,"column":52}}],"line":93},"14":{"loc":{"start":{"line":135,"column":4},"end":{"line":135,"column":76}},"type":"if","locations":[{"start":{"line":135,"column":4},"end":{"line":135,"column":76}},{"start":{"line":135,"column":4},"end":{"line":135,"column":76}}],"line":135},"15":{"loc":{"start":{"line":135,"column":8},"end":{"line":135,"column":58}},"type":"binary-expr","locations":[{"start":{"line":135,"column":8},"end":{"line":135,"column":34}},{"start":{"line":135,"column":38},"end":{"line":135,"column":58}}],"line":135},"16":{"loc":{"start":{"line":136,"column":4},"end":{"line":136,"column":76}},"type":"if","locations":[{"start":{"line":136,"column":4},"end":{"line":136,"column":76}},{"start":{"line":136,"column":4},"end":{"line":136,"column":76}}],"line":136},"17":{"loc":{"start":{"line":136,"column":8},"end":{"line":136,"column":56}},"type":"binary-expr","locations":[{"start":{"line":136,"column":8},"end":{"line":136,"column":32}},{"start":{"line":136,"column":36},"end":{"line":136,"column":56}}],"line":136},"18":{"loc":{"start":{"line":137,"column":4},"end":{"line":147,"column":5}},"type":"if","locations":[{"start":{"line":137,"column":4},"end":{"line":147,"column":5}},{"start":{"line":137,"column":4},"end":{"line":147,"column":5}}],"line":137},"19":{"loc":{"start":{"line":159,"column":4},"end":{"line":175,"column":5}},"type":"if","locations":[{"start":{"line":159,"column":4},"end":{"line":175,"column":5}},{"start":{"line":159,"column":4},"end":{"line":175,"column":5}}],"line":159},"20":{"loc":{"start":{"line":180,"column":4},"end":{"line":186,"column":5}},"type":"if","locations":[{"start":{"line":180,"column":4},"end":{"line":186,"column":5}},{"start":{"line":180,"column":4},"end":{"line":186,"column":5}}],"line":180}},"s":{"0":5,"1":27,"2":24,"3":24,"4":0,"5":0,"6":24,"7":5,"8":8,"9":8,"10":8,"11":8,"12":5,"13":5,"14":8,"15":5,"16":3,"17":1,"18":1,"19":1,"20":5,"21":5,"22":5,"23":5,"24":5,"25":0,"26":5,"27":0,"28":5,"29":0,"30":5,"31":5,"32":5,"33":1,"34":1,"35":1,"36":1,"37":0,"38":2,"39":1,"40":2,"41":1,"42":2,"43":8,"44":2,"45":2,"46":2,"47":2,"48":2,"49":0,"50":2,"51":0,"52":5,"53":1,"54":1,"55":1,"56":5,"57":1,"58":1,"59":1,"60":4,"61":3,"62":4,"63":3,"64":4,"65":3,"66":3,"67":3,"68":1,"69":1,"70":1,"71":4,"72":16,"73":0,"74":4,"75":5,"76":5,"77":0,"78":0,"79":0,"80":0,"81":5,"82":2,"83":0,"84":0},"f":{"0":27,"1":24,"2":8,"3":5,"4":8,"5":3,"6":5,"7":0,"8":0,"9":0,"10":1,"11":2,"12":8,"13":0,"14":0,"15":1,"16":1,"17":4,"18":16,"19":0,"20":5,"21":0,"22":0,"23":2,"24":0},"b":{"0":[6,21],"1":[27,6],"2":[24,0],"3":[0,0],"4":[0,8],"5":[0,8],"6":[4,1],"7":[5,5],"8":[1,1,1],"9":[0,1],"10":[1,1],"11":[2,1],"12":[1,1],"13":[2,1],"14":[3,1],"15":[4,3],"16":[3,1],"17":[4,3],"18":[3,1],"19":[0,5],"20":[0,2]},"_coverageSchema":"1a1c01bbd47fc00a2c39e90264f33305004495a9","hash":"99f0c4f6bd4539cfeb879f38734ac957c357ba08"}
,"/Users/Famille/Desktop/Formation OC/P9_weiland_david/DavidWeiland_9_23072021/src/containers/Login.js": {"path":"/Users/Famille/Desktop/Formation OC/P9_weiland_david/DavidWeiland_9_23072021/src/containers/Login.js","statementMap":{"0":{"start":{"line":3,"column":31},"end":{"line":3,"column":33}},"1":{"start":{"line":8,"column":4},"end":{"line":8,"column":28}},"2":{"start":{"line":9,"column":4},"end":{"line":9,"column":36}},"3":{"start":{"line":10,"column":4},"end":{"line":10,"column":32}},"4":{"start":{"line":11,"column":4},"end":{"line":11,"column":46}},"5":{"start":{"line":12,"column":4},"end":{"line":12,"column":30}},"6":{"start":{"line":13,"column":25},"end":{"line":13,"column":89}},"7":{"start":{"line":14,"column":4},"end":{"line":14,"column":70}},"8":{"start":{"line":15,"column":22},"end":{"line":15,"column":83}},"9":{"start":{"line":16,"column":4},"end":{"line":16,"column":64}},"10":{"start":{"line":18,"column":25},"end":{"line":33,"column":3}},"11":{"start":{"line":19,"column":17},"end":{"line":24,"column":5}},"12":{"start":{"line":25,"column":4},"end":{"line":25,"column":59}},"13":{"start":{"line":26,"column":23},"end":{"line":26,"column":51}},"14":{"start":{"line":27,"column":4},"end":{"line":27,"column":42}},"15":{"start":{"line":27,"column":21},"end":{"line":27,"column":42}},"16":{"start":{"line":28,"column":4},"end":{"line":28,"column":22}},"17":{"start":{"line":29,"column":4},"end":{"line":29,"column":41}},"18":{"start":{"line":30,"column":4},"end":{"line":30,"column":49}},"19":{"start":{"line":31,"column":4},"end":{"line":31,"column":46}},"20":{"start":{"line":32,"column":4},"end":{"line":32,"column":51}},"21":{"start":{"line":35,"column":22},"end":{"line":50,"column":3}},"22":{"start":{"line":36,"column":17},"end":{"line":41,"column":5}},"23":{"start":{"line":42,"column":4},"end":{"line":42,"column":59}},"24":{"start":{"line":43,"column":23},"end":{"line":43,"column":51}},"25":{"start":{"line":44,"column":4},"end":{"line":44,"column":42}},"26":{"start":{"line":44,"column":21},"end":{"line":44,"column":42}},"27":{"start":{"line":45,"column":4},"end":{"line":45,"column":22}},"28":{"start":{"line":46,"column":4},"end":{"line":46,"column":45}},"29":{"start":{"line":47,"column":4},"end":{"line":47,"column":53}},"30":{"start":{"line":48,"column":4},"end":{"line":48,"column":46}},"31":{"start":{"line":49,"column":4},"end":{"line":49,"column":46}},"32":{"start":{"line":53,"column":22},"end":{"line":70,"column":3}},"33":{"start":{"line":54,"column":4},"end":{"line":69,"column":5}},"34":{"start":{"line":55,"column":6},"end":{"line":66,"column":28}},"35":{"start":{"line":59,"column":8},"end":{"line":64,"column":9}},"36":{"start":{"line":60,"column":10},"end":{"line":60,"column":55}},"37":{"start":{"line":61,"column":10},"end":{"line":61,"column":21}},"38":{"start":{"line":63,"column":10},"end":{"line":63,"column":22}},"39":{"start":{"line":66,"column":22},"end":{"line":66,"column":27}},"40":{"start":{"line":68,"column":6},"end":{"line":68,"column":17}},"41":{"start":{"line":73,"column":15},"end":{"line":87,"column":3}},"42":{"start":{"line":74,"column":4},"end":{"line":86,"column":5}},"43":{"start":{"line":75,"column":6},"end":{"line":83,"column":28}},"44":{"start":{"line":82,"column":18},"end":{"line":82,"column":67}},"45":{"start":{"line":83,"column":22},"end":{"line":83,"column":27}},"46":{"start":{"line":85,"column":6},"end":{"line":85,"column":17}}},"fnMap":{"0":{"name":"(anonymous_0)","decl":{"start":{"line":7,"column":2},"end":{"line":7,"column":3}},"loc":{"start":{"line":7,"column":84},"end":{"line":17,"column":3}},"line":7},"1":{"name":"(anonymous_1)","decl":{"start":{"line":18,"column":25},"end":{"line":18,"column":26}},"loc":{"start":{"line":18,"column":30},"end":{"line":33,"column":3}},"line":18},"2":{"name":"(anonymous_2)","decl":{"start":{"line":35,"column":22},"end":{"line":35,"column":23}},"loc":{"start":{"line":35,"column":27},"end":{"line":50,"column":3}},"line":35},"3":{"name":"(anonymous_3)","decl":{"start":{"line":53,"column":22},"end":{"line":53,"column":23}},"loc":{"start":{"line":53,"column":32},"end":{"line":70,"column":3}},"line":53},"4":{"name":"(anonymous_4)","decl":{"start":{"line":58,"column":12},"end":{"line":58,"column":13}},"loc":{"start":{"line":58,"column":21},"end":{"line":65,"column":7}},"line":58},"5":{"name":"(anonymous_5)","decl":{"start":{"line":66,"column":13},"end":{"line":66,"column":14}},"loc":{"start":{"line":66,"column":22},"end":{"line":66,"column":27}},"line":66},"6":{"name":"(anonymous_6)","decl":{"start":{"line":73,"column":15},"end":{"line":73,"column":16}},"loc":{"start":{"line":73,"column":25},"end":{"line":87,"column":3}},"line":73},"7":{"name":"(anonymous_7)","decl":{"start":{"line":82,"column":12},"end":{"line":82,"column":13}},"loc":{"start":{"line":82,"column":18},"end":{"line":82,"column":67}},"line":82},"8":{"name":"(anonymous_8)","decl":{"start":{"line":83,"column":13},"end":{"line":83,"column":14}},"loc":{"start":{"line":83,"column":22},"end":{"line":83,"column":27}},"line":83}},"branchMap":{"0":{"loc":{"start":{"line":27,"column":4},"end":{"line":27,"column":42}},"type":"if","locations":[{"start":{"line":27,"column":4},"end":{"line":27,"column":42}},{"start":{"line":27,"column":4},"end":{"line":27,"column":42}}],"line":27},"1":{"loc":{"start":{"line":44,"column":4},"end":{"line":44,"column":42}},"type":"if","locations":[{"start":{"line":44,"column":4},"end":{"line":44,"column":42}},{"start":{"line":44,"column":4},"end":{"line":44,"column":42}}],"line":44},"2":{"loc":{"start":{"line":54,"column":4},"end":{"line":69,"column":5}},"type":"if","locations":[{"start":{"line":54,"column":4},"end":{"line":69,"column":5}},{"start":{"line":54,"column":4},"end":{"line":69,"column":5}}],"line":54},"3":{"loc":{"start":{"line":59,"column":8},"end":{"line":64,"column":9}},"type":"if","locations":[{"start":{"line":59,"column":8},"end":{"line":64,"column":9}},{"start":{"line":59,"column":8},"end":{"line":64,"column":9}}],"line":59},"4":{"loc":{"start":{"line":74,"column":4},"end":{"line":86,"column":5}},"type":"if","locations":[{"start":{"line":74,"column":4},"end":{"line":86,"column":5}},{"start":{"line":74,"column":4},"end":{"line":86,"column":5}}],"line":74}},"s":{"0":1,"1":2,"2":2,"3":2,"4":2,"5":2,"6":2,"7":2,"8":2,"9":2,"10":2,"11":2,"12":2,"13":2,"14":2,"15":2,"16":2,"17":2,"18":2,"19":2,"20":2,"21":2,"22":2,"23":2,"24":2,"25":2,"26":2,"27":2,"28":2,"29":2,"30":2,"31":2,"32":2,"33":4,"34":0,"35":0,"36":0,"37":0,"38":0,"39":0,"40":4,"41":2,"42":4,"43":0,"44":0,"45":0,"46":4},"f":{"0":2,"1":2,"2":2,"3":4,"4":0,"5":0,"6":4,"7":0,"8":0},"b":{"0":[2,0],"1":[2,0],"2":[0,4],"3":[0,0],"4":[0,4]},"_coverageSchema":"1a1c01bbd47fc00a2c39e90264f33305004495a9","hash":"4a4642474aa0d281fb149fd9ce6699651fd4c114"}
,"/Users/Famille/Desktop/Formation OC/P9_weiland_david/DavidWeiland_9_23072021/src/containers/Logout.js": {"path":"/Users/Famille/Desktop/Formation OC/P9_weiland_david/DavidWeiland_9_23072021/src/containers/Logout.js","statementMap":{"0":{"start":{"line":5,"column":4},"end":{"line":5,"column":28}},"1":{"start":{"line":6,"column":4},"end":{"line":6,"column":32}},"2":{"start":{"line":7,"column":4},"end":{"line":7,"column":36}},"3":{"start":{"line":8,"column":4},"end":{"line":8,"column":51}},"4":{"start":{"line":11,"column":16},"end":{"line":14,"column":3}},"5":{"start":{"line":12,"column":4},"end":{"line":12,"column":29}},"6":{"start":{"line":13,"column":4},"end":{"line":13,"column":41}}},"fnMap":{"0":{"name":"(anonymous_0)","decl":{"start":{"line":4,"column":2},"end":{"line":4,"column":3}},"loc":{"start":{"line":4,"column":54},"end":{"line":9,"column":3}},"line":4},"1":{"name":"(anonymous_1)","decl":{"start":{"line":11,"column":16},"end":{"line":11,"column":17}},"loc":{"start":{"line":11,"column":23},"end":{"line":14,"column":3}},"line":11}},"branchMap":{},"s":{"0":6,"1":6,"2":6,"3":6,"4":6,"5":2,"6":2},"f":{"0":6,"1":2},"b":{},"_coverageSchema":"1a1c01bbd47fc00a2c39e90264f33305004495a9","hash":"d7d4ea987f74fc041d5c7a139ab1c1f5e047dbee"}
,"/Users/Famille/Desktop/Formation OC/P9_weiland_david/DavidWeiland_9_23072021/src/containers/NewBill.js": {"path":"/Users/Famille/Desktop/Formation OC/P9_weiland_david/DavidWeiland_9_23072021/src/containers/NewBill.js","statementMap":{"0":{"start":{"line":7,"column":4},"end":{"line":7,"column":28}},"1":{"start":{"line":8,"column":4},"end":{"line":8,"column":32}},"2":{"start":{"line":9,"column":4},"end":{"line":9,"column":30}},"3":{"start":{"line":10,"column":24},"end":{"line":10,"column":88}},"4":{"start":{"line":11,"column":4},"end":{"line":11,"column":61}},"5":{"start":{"line":12,"column":17},"end":{"line":12,"column":73}},"6":{"start":{"line":13,"column":4},"end":{"line":13,"column":195}},"7":{"start":{"line":13,"column":41},"end":{"line":13,"column":194}},"8":{"start":{"line":15,"column":4},"end":{"line":15,"column":23}},"9":{"start":{"line":16,"column":4},"end":{"line":16,"column":24}},"10":{"start":{"line":17,"column":4},"end":{"line":17,"column":54}},"11":{"start":{"line":19,"column":21},"end":{"line":32,"column":3}},"12":{"start":{"line":20,"column":17},"end":{"line":20,"column":82}},"13":{"start":{"line":21,"column":21},"end":{"line":21,"column":48}},"14":{"start":{"line":22,"column":21},"end":{"line":22,"column":48}},"15":{"start":{"line":23,"column":4},"end":{"line":31,"column":8}},"16":{"start":{"line":27,"column":24},"end":{"line":27,"column":53}},"17":{"start":{"line":29,"column":8},"end":{"line":29,"column":26}},"18":{"start":{"line":30,"column":8},"end":{"line":30,"column":32}},"19":{"start":{"line":33,"column":17},"end":{"line":52,"column":3}},"20":{"start":{"line":34,"column":4},"end":{"line":34,"column":22}},"21":{"start":{"line":35,"column":4},"end":{"line":35,"column":147}},"22":{"start":{"line":36,"column":18},"end":{"line":36,"column":64}},"23":{"start":{"line":37,"column":17},"end":{"line":49,"column":5}},"24":{"start":{"line":50,"column":4},"end":{"line":50,"column":25}},"25":{"start":{"line":51,"column":4},"end":{"line":51,"column":41}},"26":{"start":{"line":55,"column":15},"end":{"line":65,"column":3}},"27":{"start":{"line":56,"column":4},"end":{"line":64,"column":5}},"28":{"start":{"line":57,"column":6},"end":{"line":63,"column":28}},"29":{"start":{"line":61,"column":8},"end":{"line":61,"column":45}},"30":{"start":{"line":63,"column":22},"end":{"line":63,"column":27}}},"fnMap":{"0":{"name":"(anonymous_0)","decl":{"start":{"line":6,"column":2},"end":{"line":6,"column":3}},"loc":{"start":{"line":6,"column":65},"end":{"line":18,"column":3}},"line":6},"1":{"name":"(anonymous_1)","decl":{"start":{"line":13,"column":36},"end":{"line":13,"column":37}},"loc":{"start":{"line":13,"column":41},"end":{"line":13,"column":194}},"line":13},"2":{"name":"(anonymous_2)","decl":{"start":{"line":19,"column":21},"end":{"line":19,"column":22}},"loc":{"start":{"line":19,"column":26},"end":{"line":32,"column":3}},"line":19},"3":{"name":"(anonymous_3)","decl":{"start":{"line":27,"column":12},"end":{"line":27,"column":13}},"loc":{"start":{"line":27,"column":24},"end":{"line":27,"column":53}},"line":27},"4":{"name":"(anonymous_4)","decl":{"start":{"line":28,"column":12},"end":{"line":28,"column":13}},"loc":{"start":{"line":28,"column":19},"end":{"line":31,"column":7}},"line":28},"5":{"name":"(anonymous_5)","decl":{"start":{"line":33,"column":17},"end":{"line":33,"column":18}},"loc":{"start":{"line":33,"column":22},"end":{"line":52,"column":3}},"line":33},"6":{"name":"(anonymous_6)","decl":{"start":{"line":55,"column":15},"end":{"line":55,"column":16}},"loc":{"start":{"line":55,"column":25},"end":{"line":65,"column":3}},"line":55},"7":{"name":"(anonymous_7)","decl":{"start":{"line":60,"column":12},"end":{"line":60,"column":13}},"loc":{"start":{"line":60,"column":18},"end":{"line":62,"column":7}},"line":60},"8":{"name":"(anonymous_8)","decl":{"start":{"line":63,"column":13},"end":{"line":63,"column":14}},"loc":{"start":{"line":63,"column":22},"end":{"line":63,"column":27}},"line":63}},"branchMap":{"0":{"loc":{"start":{"line":13,"column":41},"end":{"line":13,"column":194}},"type":"cond-expr","locations":[{"start":{"line":13,"column":150},"end":{"line":13,"column":174}},{"start":{"line":13,"column":177},"end":{"line":13,"column":194}}],"line":13},"1":{"loc":{"start":{"line":13,"column":42},"end":{"line":13,"column":146}},"type":"binary-expr","locations":[{"start":{"line":13,"column":42},"end":{"line":13,"column":76}},{"start":{"line":13,"column":78},"end":{"line":13,"column":111}},{"start":{"line":13,"column":113},"end":{"line":13,"column":146}}],"line":13},"2":{"loc":{"start":{"line":44,"column":11},"end":{"line":44,"column":83}},"type":"binary-expr","locations":[{"start":{"line":44,"column":11},"end":{"line":44,"column":77}},{"start":{"line":44,"column":81},"end":{"line":44,"column":83}}],"line":44},"3":{"loc":{"start":{"line":56,"column":4},"end":{"line":64,"column":5}},"type":"if","locations":[{"start":{"line":56,"column":4},"end":{"line":64,"column":5}},{"start":{"line":56,"column":4},"end":{"line":64,"column":5}}],"line":56}},"s":{"0":0,"1":0,"2":0,"3":0,"4":0,"5":0,"6":0,"7":0,"8":0,"9":0,"10":0,"11":0,"12":0,"13":0,"14":0,"15":0,"16":0,"17":0,"18":0,"19":0,"20":0,"21":0,"22":0,"23":0,"24":0,"25":0,"26":0,"27":0,"28":0,"29":0,"30":0},"f":{"0":0,"1":0,"2":0,"3":0,"4":0,"5":0,"6":0,"7":0,"8":0},"b":{"0":[0,0],"1":[0,0,0],"2":[0,0],"3":[0,0]},"_coverageSchema":"1a1c01bbd47fc00a2c39e90264f33305004495a9","hash":"366fa19fb085dad2ca0192fddbd0c6fbf11c9908"}
,"/Users/Famille/Desktop/Formation OC/P9_weiland_david/DavidWeiland_9_23072021/src/views/Actions.js": {"path":"/Users/Famille/Desktop/Formation OC/P9_weiland_david/DavidWeiland_9_23072021/src/views/Actions.js","statementMap":{"0":{"start":{"line":5,"column":2},"end":{"line":11,"column":3}}},"fnMap":{"0":{"name":"(anonymous_0)","decl":{"start":{"line":4,"column":15},"end":{"line":4,"column":16}},"loc":{"start":{"line":4,"column":28},"end":{"line":12,"column":1}},"line":4}},"branchMap":{},"s":{"0":6},"f":{"0":6},"b":{},"_coverageSchema":"1a1c01bbd47fc00a2c39e90264f33305004495a9","hash":"d418adc1b1821e429450771f407c8a2271379403"}
,"/Users/Famille/Desktop/Formation OC/P9_weiland_david/DavidWeiland_9_23072021/src/views/BillsUI.js": {"path":"/Users/Famille/Desktop/Formation OC/P9_weiland_david/DavidWeiland_9_23072021/src/views/BillsUI.js","statementMap":{"0":{"start":{"line":7,"column":12},"end":{"line":23,"column":3}},"1":{"start":{"line":11,"column":2},"end":{"line":22,"column":6}},"2":{"start":{"line":25,"column":13},"end":{"line":27,"column":1}},"3":{"start":{"line":26,"column":2},"end":{"line":26,"column":117}},"4":{"start":{"line":26,"column":53},"end":{"line":26,"column":79}},"5":{"start":{"line":26,"column":93},"end":{"line":26,"column":102}},"6":{"start":{"line":31,"column":2},"end":{"line":35,"column":3}},"7":{"start":{"line":32,"column":4},"end":{"line":32,"column":24}},"8":{"start":{"line":33,"column":9},"end":{"line":35,"column":3}},"9":{"start":{"line":34,"column":4},"end":{"line":34,"column":27}},"10":{"start":{"line":37,"column":16},"end":{"line":52,"column":4}},"11":{"start":{"line":37,"column":23},"end":{"line":52,"column":3}},"12":{"start":{"line":55,"column":2},"end":{"line":83,"column":3}}},"fnMap":{"0":{"name":"(anonymous_0)","decl":{"start":{"line":7,"column":12},"end":{"line":7,"column":13}},"loc":{"start":{"line":7,"column":22},"end":{"line":23,"column":3}},"line":7},"1":{"name":"(anonymous_1)","decl":{"start":{"line":25,"column":13},"end":{"line":25,"column":14}},"loc":{"start":{"line":25,"column":23},"end":{"line":27,"column":1}},"line":25},"2":{"name":"(anonymous_2)","decl":{"start":{"line":26,"column":43},"end":{"line":26,"column":44}},"loc":{"start":{"line":26,"column":53},"end":{"line":26,"column":79}},"line":26},"3":{"name":"(anonymous_3)","decl":{"start":{"line":26,"column":85},"end":{"line":26,"column":86}},"loc":{"start":{"line":26,"column":93},"end":{"line":26,"column":102}},"line":26},"4":{"name":"(anonymous_4)","decl":{"start":{"line":29,"column":15},"end":{"line":29,"column":16}},"loc":{"start":{"line":29,"column":52},"end":{"line":84,"column":1}},"line":29},"5":{"name":"(anonymous_5)","decl":{"start":{"line":37,"column":16},"end":{"line":37,"column":17}},"loc":{"start":{"line":37,"column":23},"end":{"line":52,"column":3}},"line":37}},"branchMap":{"0":{"loc":{"start":{"line":26,"column":9},"end":{"line":26,"column":117}},"type":"cond-expr","locations":[{"start":{"line":26,"column":33},"end":{"line":26,"column":112}},{"start":{"line":26,"column":115},"end":{"line":26,"column":117}}],"line":26},"1":{"loc":{"start":{"line":26,"column":10},"end":{"line":26,"column":29}},"type":"binary-expr","locations":[{"start":{"line":26,"column":10},"end":{"line":26,"column":14}},{"start":{"line":26,"column":18},"end":{"line":26,"column":29}}],"line":26},"2":{"loc":{"start":{"line":26,"column":53},"end":{"line":26,"column":79}},"type":"cond-expr","locations":[{"start":{"line":26,"column":73},"end":{"line":26,"column":74}},{"start":{"line":26,"column":77},"end":{"line":26,"column":79}}],"line":26},"3":{"loc":{"start":{"line":31,"column":2},"end":{"line":35,"column":3}},"type":"if","locations":[{"start":{"line":31,"column":2},"end":{"line":35,"column":3}},{"start":{"line":31,"column":2},"end":{"line":35,"column":3}}],"line":31},"4":{"loc":{"start":{"line":33,"column":9},"end":{"line":35,"column":3}},"type":"if","locations":[{"start":{"line":33,"column":9},"end":{"line":35,"column":3}},{"start":{"line":33,"column":9},"end":{"line":35,"column":3}}],"line":33}},"s":{"0":6,"1":4,"2":6,"3":5,"4":6,"5":4,"6":7,"7":1,"8":6,"9":1,"10":5,"11":5,"12":5},"f":{"0":4,"1":5,"2":6,"3":4,"4":7,"5":5},"b":{"0":[1,4],"1":[5,3],"2":[3,3],"3":[1,6],"4":[1,5]},"_coverageSchema":"1a1c01bbd47fc00a2c39e90264f33305004495a9","hash":"4ddf92419135d98746bb5abb5310d8d4b5f451e8"}
,"/Users/Famille/Desktop/Formation OC/P9_weiland_david/DavidWeiland_9_23072021/src/views/DashboardFormUI.js": {"path":"/Users/Famille/Desktop/Formation OC/P9_weiland_david/DavidWeiland_9_23072021/src/views/DashboardFormUI.js","statementMap":{"0":{"start":{"line":7,"column":21},"end":{"line":22,"column":4}},"1":{"start":{"line":7,"column":28},"end":{"line":22,"column":3}},"2":{"start":{"line":26,"column":2},"end":{"line":101,"column":4}}},"fnMap":{"0":{"name":"(anonymous_0)","decl":{"start":{"line":7,"column":21},"end":{"line":7,"column":22}},"loc":{"start":{"line":7,"column":28},"end":{"line":22,"column":3}},"line":7},"1":{"name":"(anonymous_1)","decl":{"start":{"line":24,"column":15},"end":{"line":24,"column":16}},"loc":{"start":{"line":24,"column":25},"end":{"line":102,"column":1}},"line":24}},"branchMap":{"0":{"loc":{"start":{"line":79,"column":9},"end":{"line":89,"column":9}},"type":"cond-expr","locations":[{"start":{"line":79,"column":38},"end":{"line":84,"column":8}},{"start":{"line":84,"column":13},"end":{"line":89,"column":8}}],"line":79},"1":{"loc":{"start":{"line":92,"column":8},"end":{"line":97,"column":13}},"type":"cond-expr","locations":[{"start":{"line":92,"column":37},"end":{"line":97,"column":7}},{"start":{"line":97,"column":11},"end":{"line":97,"column":13}}],"line":92}},"s":{"0":6,"1":9,"2":9},"f":{"0":9,"1":9},"b":{"0":[6,3],"1":[6,3]},"_coverageSchema":"1a1c01bbd47fc00a2c39e90264f33305004495a9","hash":"cdcc1f855c417e16f217868baa185edd462fb478"}
,"/Users/Famille/Desktop/Formation OC/P9_weiland_david/DavidWeiland_9_23072021/src/views/DashboardUI.js": {"path":"/Users/Famille/Desktop/Formation OC/P9_weiland_david/DavidWeiland_9_23072021/src/views/DashboardUI.js","statementMap":{"0":{"start":{"line":10,"column":2},"end":{"line":14,"column":3}},"1":{"start":{"line":11,"column":4},"end":{"line":11,"column":24}},"2":{"start":{"line":12,"column":9},"end":{"line":14,"column":3}},"3":{"start":{"line":13,"column":4},"end":{"line":13,"column":27}},"4":{"start":{"line":16,"column":2},"end":{"line":48,"column":3}}},"fnMap":{"0":{"name":"(anonymous_0)","decl":{"start":{"line":8,"column":15},"end":{"line":8,"column":16}},"loc":{"start":{"line":8,"column":45},"end":{"line":49,"column":1}},"line":8}},"branchMap":{"0":{"loc":{"start":{"line":10,"column":2},"end":{"line":14,"column":3}},"type":"if","locations":[{"start":{"line":10,"column":2},"end":{"line":14,"column":3}},{"start":{"line":10,"column":2},"end":{"line":14,"column":3}}],"line":10},"1":{"loc":{"start":{"line":12,"column":9},"end":{"line":14,"column":3}},"type":"if","locations":[{"start":{"line":12,"column":9},"end":{"line":14,"column":3}},{"start":{"line":12,"column":9},"end":{"line":14,"column":3}}],"line":12},"2":{"loc":{"start":{"line":22,"column":45},"end":{"line":22,"column":63}},"type":"binary-expr","locations":[{"start":{"line":22,"column":45},"end":{"line":22,"column":49}},{"start":{"line":22,"column":53},"end":{"line":22,"column":63}}],"line":22},"3":{"loc":{"start":{"line":29,"column":43},"end":{"line":29,"column":61}},"type":"binary-expr","locations":[{"start":{"line":29,"column":43},"end":{"line":29,"column":47}},{"start":{"line":29,"column":51},"end":{"line":29,"column":61}}],"line":29},"4":{"loc":{"start":{"line":36,"column":43},"end":{"line":36,"column":61}},"type":"binary-expr","locations":[{"start":{"line":36,"column":43},"end":{"line":36,"column":47}},{"start":{"line":36,"column":51},"end":{"line":36,"column":61}}],"line":36}},"s":{"0":11,"1":1,"2":10,"3":3,"4":7},"f":{"0":11},"b":{"0":[1,10],"1":[3,7],"2":[7,2],"3":[7,2],"4":[7,2]},"_coverageSchema":"1a1c01bbd47fc00a2c39e90264f33305004495a9","hash":"c68b3c30a8f27e46e85c20587155d84616808537"}
,"/Users/Famille/Desktop/Formation OC/P9_weiland_david/DavidWeiland_9_23072021/src/views/ErrorPage.js": {"path":"/Users/Famille/Desktop/Formation OC/P9_weiland_david/DavidWeiland_9_23072021/src/views/ErrorPage.js","statementMap":{"0":{"start":{"line":5,"column":2},"end":{"line":16,"column":3}}},"fnMap":{"0":{"name":"(anonymous_0)","decl":{"start":{"line":3,"column":15},"end":{"line":3,"column":16}},"loc":{"start":{"line":3,"column":26},"end":{"line":17,"column":1}},"line":3}},"branchMap":{"0":{"loc":{"start":{"line":13,"column":12},"end":{"line":13,"column":30}},"type":"cond-expr","locations":[{"start":{"line":13,"column":20},"end":{"line":13,"column":25}},{"start":{"line":13,"column":28},"end":{"line":13,"column":30}}],"line":13}},"s":{"0":6},"f":{"0":6},"b":{"0":[5,1]},"_coverageSchema":"1a1c01bbd47fc00a2c39e90264f33305004495a9","hash":"9a4d9186d4fc2940af72fd6288f6136471e7efc9"}
,"/Users/Famille/Desktop/Formation OC/P9_weiland_david/DavidWeiland_9_23072021/src/views/LoadingPage.js": {"path":"/Users/Famille/Desktop/Formation OC/P9_weiland_david/DavidWeiland_9_23072021/src/views/LoadingPage.js","statementMap":{"0":{"start":{"line":5,"column":2},"end":{"line":12,"column":3}}},"fnMap":{"0":{"name":"(anonymous_0)","decl":{"start":{"line":3,"column":15},"end":{"line":3,"column":16}},"loc":{"start":{"line":3,"column":21},"end":{"line":13,"column":1}},"line":3}},"branchMap":{},"s":{"0":3},"f":{"0":3},"b":{},"_coverageSchema":"1a1c01bbd47fc00a2c39e90264f33305004495a9","hash":"2a22c82434b4a585f13de12ccecfbd03c70bd9e9"}
,"/Users/Famille/Desktop/Formation OC/P9_weiland_david/DavidWeiland_9_23072021/src/views/LoginUI.js": {"path":"/Users/Famille/Desktop/Formation OC/P9_weiland_david/DavidWeiland_9_23072021/src/views/LoginUI.js","statementMap":{"0":{"start":{"line":4,"column":2},"end":{"line":46,"column":4}}},"fnMap":{"0":{"name":"(anonymous_0)","decl":{"start":{"line":2,"column":15},"end":{"line":2,"column":16}},"loc":{"start":{"line":2,"column":21},"end":{"line":47,"column":1}},"line":2}},"branchMap":{},"s":{"0":10},"f":{"0":10},"b":{},"_coverageSchema":"1a1c01bbd47fc00a2c39e90264f33305004495a9","hash":"ca4367bcfb0d95789c3116754c64ab1f62f39358"}
,"/Users/Famille/Desktop/Formation OC/P9_weiland_david/DavidWeiland_9_23072021/src/views/NewBillUI.js": {"path":"/Users/Famille/Desktop/Formation OC/P9_weiland_david/DavidWeiland_9_23072021/src/views/NewBillUI.js","statementMap":{"0":{"start":{"line":5,"column":2},"end":{"line":73,"column":4}}},"fnMap":{"0":{"name":"(anonymous_0)","decl":{"start":{"line":3,"column":15},"end":{"line":3,"column":16}},"loc":{"start":{"line":3,"column":21},"end":{"line":74,"column":1}},"line":3}},"branchMap":{},"s":{"0":2},"f":{"0":2},"b":{},"_coverageSchema":"1a1c01bbd47fc00a2c39e90264f33305004495a9","hash":"1ee0b30fb55ada3eb4085a6339b3f0c8470a3899"}
,"/Users/Famille/Desktop/Formation OC/P9_weiland_david/DavidWeiland_9_23072021/src/views/VerticalLayout.js": {"path":"/Users/Famille/Desktop/Formation OC/P9_weiland_david/DavidWeiland_9_23072021/src/views/VerticalLayout.js","statementMap":{"0":{"start":{"line":7,"column":4},"end":{"line":7,"column":51}},"1":{"start":{"line":8,"column":4},"end":{"line":10,"column":5}},"2":{"start":{"line":9,"column":6},"end":{"line":9,"column":29}},"3":{"start":{"line":11,"column":4},"end":{"line":39,"column":5}},"4":{"start":{"line":12,"column":6},"end":{"line":27,"column":7}},"5":{"start":{"line":29,"column":6},"end":{"line":38,"column":7}}},"fnMap":{"0":{"name":"(anonymous_0)","decl":{"start":{"line":5,"column":15},"end":{"line":5,"column":16}},"loc":{"start":{"line":5,"column":27},"end":{"line":40,"column":1}},"line":5}},"branchMap":{"0":{"loc":{"start":{"line":8,"column":4},"end":{"line":10,"column":5}},"type":"if","locations":[{"start":{"line":8,"column":4},"end":{"line":10,"column":5}},{"start":{"line":8,"column":4},"end":{"line":10,"column":5}}],"line":8},"1":{"loc":{"start":{"line":11,"column":4},"end":{"line":39,"column":5}},"type":"if","locations":[{"start":{"line":11,"column":4},"end":{"line":39,"column":5}},{"start":{"line":11,"column":4},"end":{"line":39,"column":5}}],"line":11},"2":{"loc":{"start":{"line":11,"column":8},"end":{"line":11,"column":40}},"type":"binary-expr","locations":[{"start":{"line":11,"column":8},"end":{"line":11,"column":12}},{"start":{"line":11,"column":16},"end":{"line":11,"column":40}}],"line":11}},"s":{"0":24,"1":24,"2":7,"3":24,"4":1,"5":23},"f":{"0":24},"b":{"0":[7,17],"1":[1,23],"2":[24,7]},"_coverageSchema":"1a1c01bbd47fc00a2c39e90264f33305004495a9","hash":"737d45fa8825edacd629e9c6cae99f21eda37537"}
}
