TN:
SF:src/constants/routes.js
FN:13,(anonymous_0)
FNF:1
FNH:1
FNDA:17,(anonymous_0)
DA:6,6
DA:13,6
DA:14,17
DA:16,3
DA:18,4
DA:20,3
DA:22,5
DA:24,2
LF:8
LH:8
BRDA:14,0,0,3
BRDA:14,0,1,4
BRDA:14,0,2,3
BRDA:14,0,3,5
BRDA:14,0,4,2
BRF:5
BRH:5
end_of_record
TN:
SF:src/constants/usersTest.js
FNF:0
FNH:0
LF:0
LH:0
BRF:0
BRH:0
end_of_record
TN:
SF:src/containers/Bills.js
FN:6,(anonymous_0)
FN:14,(anonymous_1)
FN:15,(anonymous_2)
FN:23,(anonymous_3)
FN:28,(anonymous_4)
FN:37,(anonymous_5)
FN:45,(anonymous_6)
FN:47,(anonymous_7)
FN:65,(anonymous_8)
FN:69,(anonymous_9)
FNF:10
FNH:6
FNDA:5,(anonymous_0)
FNDA:12,(anonymous_1)
FNDA:9,(anonymous_2)
FNDA:2,(anonymous_3)
FNDA:17,(anonymous_4)
FNDA:1,(anonymous_5)
FNDA:0,(anonymous_6)
FNDA:0,(anonymous_7)
FNDA:0,(anonymous_8)
FNDA:0,(anonymous_9)
DA:7,5
DA:8,5
DA:9,5
DA:10,5
DA:11,5
DA:12,5
DA:13,5
DA:14,3
DA:15,12
DA:18,2
DA:20,5
DA:23,5
DA:24,2
DA:25,2
DA:28,5
DA:29,17
DA:30,17
DA:31,17
DA:32,17
DA:33,17
DA:37,5
DA:38,1
DA:40,1
DA:41,1
DA:42,0
DA:46,0
DA:47,0
DA:65,0
DA:67,0
DA:69,0
DA:71,1
DA:72,1
LF:32
LH:26
BRDA:11,0,0,3
BRDA:11,0,1,2
BRDA:13,1,0,3
BRDA:13,1,1,2
BRDA:33,2,0,0
BRDA:33,2,1,17
BRDA:38,3,0,1
BRDA:38,3,1,0
BRDA:41,4,0,0
BRDA:41,4,1,1
BRF:10
BRH:7
end_of_record
TN:
SF:src/containers/Dashboard.js
FN:8,(anonymous_0)
FN:10,(anonymous_1)
FN:29,(anonymous_2)
FN:55,(anonymous_3)
FN:56,(anonymous_4)
FN:59,(anonymous_5)
FN:73,(anonymous_6)
FN:77,(anonymous_7)
FN:78,(anonymous_8)
FN:79,(anonymous_9)
FN:84,(anonymous_10)
FN:91,(anonymous_11)
FN:95,(anonymous_12)
FN:112,(anonymous_13)
FN:113,(anonymous_14)
FN:116,(anonymous_15)
FN:126,(anonymous_16)
FN:136,(anonymous_17)
FN:148,(anonymous_18)
FN:149,(anonymous_19)
FN:156,(anonymous_20)
FN:161,(anonymous_21)
FN:163,(anonymous_22)
FN:176,(anonymous_23)
FN:181,(anonymous_24)
FNF:25
FNH:16
FNDA:31,(anonymous_0)
FNDA:40,(anonymous_1)
FNDA:8,(anonymous_2)
FNDA:5,(anonymous_3)
FNDA:8,(anonymous_4)
FNDA:7,(anonymous_5)
FNDA:5,(anonymous_6)
FNDA:0,(anonymous_7)
FNDA:0,(anonymous_8)
FNDA:0,(anonymous_9)
FNDA:1,(anonymous_10)
FNDA:2,(anonymous_11)
FNDA:4,(anonymous_12)
FNDA:0,(anonymous_13)
FNDA:0,(anonymous_14)
FNDA:1,(anonymous_15)
FNDA:1,(anonymous_16)
FNDA:4,(anonymous_17)
FNDA:5,(anonymous_18)
FNDA:0,(anonymous_19)
FNDA:5,(anonymous_20)
FNDA:0,(anonymous_21)
FNDA:0,(anonymous_22)
FNDA:2,(anonymous_23)
FNDA:0,(anonymous_24)
DA:8,6
DA:9,31
DA:15,40
DA:16,40
DA:19,0
DA:20,0
DA:25,40
DA:29,6
DA:30,8
DA:31,8
DA:33,8
DA:37,8
DA:55,6
DA:56,8
DA:59,6
DA:60,7
DA:62,3
DA:64,2
DA:66,2
DA:70,6
DA:74,5
DA:75,5
DA:76,5
DA:77,5
DA:78,5
DA:79,5
DA:80,5
DA:81,5
DA:84,5
DA:85,1
DA:86,1
DA:87,1
DA:88,1
DA:92,2
DA:93,2
DA:94,2
DA:95,1
DA:96,4
DA:98,1
DA:99,1
DA:100,1
DA:101,1
DA:103,1
DA:104,1
DA:107,1
DA:108,1
DA:111,2
DA:112,2
DA:113,2
DA:116,5
DA:117,1
DA:122,1
DA:123,1
DA:126,5
DA:127,1
DA:132,1
DA:133,1
DA:137,4
DA:138,4
DA:139,4
DA:140,3
DA:141,3
DA:142,3
DA:144,1
DA:145,1
DA:146,1
DA:148,4
DA:149,5
DA:151,4
DA:156,5
DA:157,5
DA:158,0
DA:162,0
DA:163,0
DA:169,0
DA:176,5
DA:177,2
DA:178,0
DA:181,0
LF:79
LH:71
BRDA:9,0,0,10
BRDA:9,0,1,21
BRDA:9,1,0,31
BRDA:9,1,1,10
BRDA:15,2,0,40
BRDA:15,2,1,0
BRDA:21,3,0,0
BRDA:21,3,1,0
BRDA:31,4,0,4
BRDA:31,4,1,4
BRDA:33,5,0,4
BRDA:33,5,1,4
BRDA:56,6,0,4
BRDA:56,6,1,1
BRDA:56,7,0,5
BRDA:56,7,1,5
BRDA:60,8,0,3
BRDA:60,8,1,2
BRDA:60,8,2,2
BRDA:88,9,0,0
BRDA:88,9,1,1
BRDA:92,10,0,1
BRDA:92,10,1,1
BRDA:92,11,0,2
BRDA:92,11,1,1
BRDA:93,12,0,1
BRDA:93,12,1,1
BRDA:93,13,0,2
BRDA:93,13,1,1
BRDA:94,14,0,1
BRDA:94,14,1,1
BRDA:137,15,0,3
BRDA:137,15,1,1
BRDA:137,16,0,4
BRDA:137,16,1,3
BRDA:138,17,0,3
BRDA:138,17,1,1
BRDA:138,18,0,4
BRDA:138,18,1,3
BRDA:139,19,0,3
BRDA:139,19,1,1
BRDA:157,20,0,0
BRDA:157,20,1,5
BRDA:177,21,0,0
BRDA:177,21,1,2
BRF:45
BRH:39
end_of_record
TN:
SF:src/containers/Login.js
FN:7,(anonymous_0)
FN:18,(anonymous_1)
FN:35,(anonymous_2)
FN:53,(anonymous_3)
FN:58,(anonymous_4)
FN:66,(anonymous_5)
FN:73,(anonymous_6)
FN:82,(anonymous_7)
FN:83,(anonymous_8)
FNF:9
FNH:5
FNDA:2,(anonymous_0)
FNDA:2,(anonymous_1)
FNDA:2,(anonymous_2)
FNDA:4,(anonymous_3)
FNDA:0,(anonymous_4)
FNDA:0,(anonymous_5)
FNDA:4,(anonymous_6)
FNDA:0,(anonymous_7)
FNDA:0,(anonymous_8)
DA:3,1
DA:8,2
DA:9,2
DA:10,2
DA:11,2
DA:12,2
DA:13,2
DA:14,2
DA:15,2
DA:16,2
DA:18,2
DA:19,2
DA:25,2
DA:26,2
DA:27,2
DA:28,2
DA:29,2
DA:30,2
DA:31,2
DA:32,2
DA:35,2
DA:36,2
DA:42,2
DA:43,2
DA:44,2
DA:45,2
DA:46,2
DA:47,2
DA:48,2
DA:49,2
DA:53,2
DA:54,4
DA:55,0
DA:59,0
DA:60,0
DA:61,0
DA:63,0
DA:66,0
DA:68,4
DA:73,2
DA:74,4
DA:75,0
DA:82,0
DA:83,0
DA:85,4
LF:45
LH:36
BRDA:27,0,0,2
BRDA:27,0,1,0
BRDA:44,1,0,2
BRDA:44,1,1,0
BRDA:54,2,0,0
BRDA:54,2,1,4
BRDA:59,3,0,0
BRDA:59,3,1,0
BRDA:74,4,0,0
BRDA:74,4,1,4
BRF:10
BRH:4
end_of_record
TN:
SF:src/containers/Logout.js
FN:4,(anonymous_0)
FN:11,(anonymous_1)
FNF:2
FNH:2
FNDA:15,(anonymous_0)
FNDA:2,(anonymous_1)
DA:5,15
DA:6,15
DA:7,15
DA:8,15
DA:11,15
DA:12,2
DA:13,2
LF:7
LH:7
BRF:0
BRH:0
end_of_record
TN:
SF:src/containers/NewBill.js
FN:6,(anonymous_0)
FN:18,(anonymous_1)
FN:29,(anonymous_2)
FN:30,(anonymous_3)
FN:42,(anonymous_4)
FN:64,(anonymous_5)
FN:69,(anonymous_6)
FN:72,(anonymous_7)
FNF:8
FNH:4
FNDA:4,(anonymous_0)
FNDA:4,(anonymous_1)
FNDA:0,(anonymous_2)
FNDA:0,(anonymous_3)
FNDA:1,(anonymous_4)
FNDA:2,(anonymous_5)
FNDA:0,(anonymous_6)
FNDA:0,(anonymous_7)
DA:7,4
DA:8,4
DA:9,4
DA:10,4
DA:11,4
DA:12,4
DA:13,4
DA:14,4
DA:15,4
DA:16,4
DA:18,4
DA:19,4
DA:20,4
DA:21,2
DA:22,2
DA:23,2
DA:24,2
DA:25,0
DA:29,0
DA:31,0
DA:32,0
DA:37,2
DA:38,2
DA:39,2
DA:42,4
DA:43,1
DA:44,1
DA:45,1
DA:46,1
DA:59,1
DA:60,1
DA:64,4
DA:65,2
DA:66,0
DA:70,0
DA:72,0
LF:36
LH:29
BRDA:20,0,0,2
BRDA:20,0,1,2
BRDA:20,1,0,4
BRDA:20,1,1,4
BRDA:20,1,2,4
BRDA:24,2,0,0
BRDA:24,2,1,2
BRDA:53,3,0,1
BRDA:53,3,1,1
BRDA:65,4,0,0
BRDA:65,4,1,2
BRF:11
BRH:9
end_of_record
TN:
SF:src/views/Actions.js
FN:4,(anonymous_0)
FNF:1
FNH:1
FNDA:14,(anonymous_0)
DA:5,14
LF:1
LH:1
BRF:0
BRH:0
end_of_record
TN:
SF:src/views/BillsUI.js
FN:7,(anonymous_0)
FN:28,(anonymous_1)
FN:29,(anonymous_2)
FN:29,(anonymous_3)
FN:32,(anonymous_4)
FN:40,(anonymous_5)
FNF:6
FNH:6
FNDA:12,(anonymous_0)
FNDA:10,(anonymous_1)
FNDA:12,(anonymous_2)
FNDA:12,(anonymous_3)
FNDA:16,(anonymous_4)
FNDA:10,(anonymous_5)
DA:7,6
DA:12,12
DA:14,12
DA:28,6
DA:29,12
DA:34,16
DA:35,1
DA:36,15
DA:37,5
DA:40,10
DA:58,10
LF:11
LH:11
BRDA:12,0,0,4
BRDA:12,0,1,8
BRDA:29,1,0,3
BRDA:29,1,1,7
BRDA:29,2,0,10
BRDA:29,2,1,7
BRDA:29,3,0,9
BRDA:29,3,1,3
BRDA:34,4,0,1
BRDA:34,4,1,15
BRDA:36,5,0,5
BRDA:36,5,1,10
BRF:12
BRH:12
end_of_record
TN:
SF:src/views/DashboardFormUI.js
FN:7,(anonymous_0)
FN:24,(anonymous_1)
FNF:2
FNH:2
FNDA:8,(anonymous_0)
FNDA:8,(anonymous_1)
DA:7,8
DA:26,8
LF:2
LH:2
BRDA:79,0,0,5
BRDA:79,0,1,3
BRDA:92,1,0,5
BRDA:92,1,1,3
BRF:4
BRH:4
end_of_record
TN:
SF:src/views/DashboardUI.js
FN:8,(anonymous_0)
FNF:1
FNH:1
FNDA:11,(anonymous_0)
DA:10,11
DA:11,1
DA:12,10
DA:13,3
DA:16,7
LF:5
LH:5
BRDA:10,0,0,1
BRDA:10,0,1,10
BRDA:12,1,0,3
BRDA:12,1,1,7
BRDA:22,2,0,7
BRDA:22,2,1,2
BRDA:29,3,0,7
BRDA:29,3,1,2
BRDA:36,4,0,7
BRDA:36,4,1,2
BRF:10
BRH:10
end_of_record
TN:
SF:src/views/ErrorPage.js
FN:3,(anonymous_0)
FNF:1
FNH:1
FNDA:10,(anonymous_0)
DA:5,10
LF:1
LH:1
BRDA:13,0,0,9
BRDA:13,0,1,1
BRF:2
BRH:2
end_of_record
TN:
SF:src/views/LoadingPage.js
FN:3,(anonymous_0)
FNF:1
FNH:1
FNDA:3,(anonymous_0)
DA:5,3
LF:1
LH:1
BRF:0
BRH:0
end_of_record
TN:
SF:src/views/LoginUI.js
FN:2,(anonymous_0)
FNF:1
FNH:1
FNDA:11,(anonymous_0)
DA:4,11
LF:1
LH:1
BRF:0
BRH:0
end_of_record
TN:
SF:src/views/NewBillUI.js
FN:3,(anonymous_0)
FNF:1
FNH:1
FNDA:8,(anonymous_0)
DA:5,8
LF:1
LH:1
BRF:0
BRH:0
end_of_record
TN:
SF:src/views/VerticalLayout.js
FN:5,(anonymous_0)
FNF:1
FNH:1
FNDA:39,(anonymous_0)
DA:7,39
DA:8,39
DA:9,22
DA:11,39
DA:12,16
DA:29,23
LF:6
LH:6
BRDA:8,0,0,22
BRDA:8,0,1,17
BRDA:11,1,0,16
BRDA:11,1,1,23
BRDA:11,2,0,39
BRDA:11,2,1,22
BRF:6
BRH:6
end_of_record
